Product projects
---------------------------------------
C:\Users\Premal Kadam\Documents\Device Monitoring Project\DeviceMonitoring\Backend\DeviceMonitoringProject\Domain\Domain.csproj
C:\Users\Premal Kadam\Documents\Device Monitoring Project\DeviceMonitoring\Backend\DeviceMonitoringProject\Common\Common.csproj
C:\Users\Premal Kadam\Documents\Device Monitoring Project\DeviceMonitoring\Backend\AlarmService\Infrastructure\Infrastructure.csproj
C:\Users\Premal Kadam\Documents\Device Monitoring Project\DeviceMonitoring\Backend\AlarmService\API\API.csproj
C:\Users\Premal Kadam\Documents\Device Monitoring Project\DeviceMonitoring\Backend\GatewayService\GatewayService\API\API.csproj
C:\Users\Premal Kadam\Documents\Device Monitoring Project\DeviceMonitoring\Backend\DeviceMonitoringProject\Application\Application.csproj
C:\Users\Premal Kadam\Documents\Device Monitoring Project\DeviceMonitoring\Backend\DeviceMonitoringProject\Infrastructure\Infrastructure.csproj
C:\Users\Premal Kadam\Documents\Device Monitoring Project\DeviceMonitoring\Backend\DeviceMonitoringProject\API\API.csproj
C:\Users\Premal Kadam\Documents\Device Monitoring Project\DeviceMonitoring\Backend\AlarmService\Domain\Domain.csproj
C:\Users\Premal Kadam\Documents\Device Monitoring Project\DeviceMonitoring\Backend\AlarmService\Application\Application.csproj
C:\Users\Premal Kadam\Documents\Device Monitoring Project\DeviceMonitoring\Backend\AlarmService\Common\Common.csproj


Test projects
---------------------------------------
C:\Users\Premal Kadam\Documents\Device Monitoring Project\DeviceMonitoring\Backend\DeviceMonitoringProject\InfrastructureTests\InfrastructureTests.csproj
C:\Users\Premal Kadam\Documents\Device Monitoring Project\DeviceMonitoring\Backend\DeviceMonitoringProject\DeviceMonitoring.Tests\DeviceMonitoring.Tests.csproj


Invalid projects
---------------------------------------
{none}


Skipped projects
---------------------------------------
{none}


Excluded projects
---------------------------------------
{none}


